Building DAG of jobs...
Creating conda environment envs/bwa.yaml...
Downloading and installing remote packages.
Environment for envs/bwa.yaml created (location: .snakemake/conda/192470ce)
Creating conda environment envs/trim_galore.yaml...
Downloading and installing remote packages.
Environment for envs/trim_galore.yaml created (location: .snakemake/conda/8cdfa9d3)
Creating conda environment envs/fastqc.yaml...
Downloading and installing remote packages.
Environment for envs/fastqc.yaml created (location: .snakemake/conda/af5ff315)
Creating conda environment envs/sambamba.yaml...
Downloading and installing remote packages.
Environment for envs/sambamba.yaml created (location: .snakemake/conda/0a6fee88)
Creating conda environment envs/multiqc.yaml...
Downloading and installing remote packages.
Environment for envs/multiqc.yaml created (location: .snakemake/conda/c5e9c475)
Creating conda environment envs/gatk4.yaml...
Downloading and installing remote packages.
Environment for envs/gatk4.yaml created (location: .snakemake/conda/5e230ed5)
Using shell: /bin/bash
Provided cores: 24
Rules claiming more threads will be scaled down.
Job counts:
	count	jobs
	1	all
	2	bwa_map
	2	fastqc
	2	gatk4_AddOrReplaceReadGroups
	2	gatk4_ApplyBQSR
	2	gatk4_BaseRecalibrator
	2	gatk4_HaplotypeCaller_single
	1	multiqc_post_trim
	1	multiqc_pre_trim
	2	sambamba_index_rgadd
	2	sambamba_mkdups
	2	sambamba_sort
	2	trim_galore_pe
	23

[Fri May 15 15:38:45 2020]
Job 8: Applying quality and adapter trimming of input fastq files: ../fastq/NIST7086_NIST_R1.fastq.gz and ../fastq/NIST7086_NIST_R2.fastq.gz


[Fri May 15 15:38:45 2020]
Job 7: Applying quality and adapter trimming of input fastq files: ../fastq/NIST7035_NIST_R1.fastq.gz and ../fastq/NIST7035_NIST_R2.fastq.gz


[Fri May 15 15:38:45 2020]
Job 6: Undertaking quality control checks on raw sequence data


[Fri May 15 15:38:45 2020]
Job 5: Undertaking quality control checks on raw sequence data

Activating conda environment: /store/lkemp/exome_project/benchmarking/NA12878_exome/bench1.0/human_genomics_pipeline/.snakemake/conda/af5ff315
Activating conda environment: /store/lkemp/exome_project/benchmarking/NA12878_exome/bench1.0/human_genomics_pipeline/.snakemake/conda/8cdfa9d3
Activating conda environment: /store/lkemp/exome_project/benchmarking/NA12878_exome/bench1.0/human_genomics_pipeline/.snakemake/conda/8cdfa9d3
Activating conda environment: /store/lkemp/exome_project/benchmarking/NA12878_exome/bench1.0/human_genomics_pipeline/.snakemake/conda/af5ff315
[Fri May 15 15:44:03 2020]
Finished job 5.
1 of 23 steps (4%) done
[Fri May 15 15:44:32 2020]
Finished job 6.
2 of 23 steps (9%) done

[Fri May 15 15:44:32 2020]
Job 1: Searching for analysis logs to compile a HTML report

Activating conda environment: /store/lkemp/exome_project/benchmarking/NA12878_exome/bench1.0/human_genomics_pipeline/.snakemake/conda/c5e9c475
[Fri May 15 15:44:41 2020]
Finished job 1.
3 of 23 steps (13%) done
[Fri May 15 16:06:25 2020]
Finished job 7.
4 of 23 steps (17%) done

[Fri May 15 16:06:25 2020]
Job 21: Mapping sequences against a reference human genome with BWA-MEM

Activating conda environment: /store/lkemp/exome_project/benchmarking/NA12878_exome/bench1.0/human_genomics_pipeline/.snakemake/conda/192470ce
[Fri May 15 16:07:05 2020]
Finished job 8.
5 of 23 steps (22%) done

[Fri May 15 16:07:05 2020]
Job 22: Mapping sequences against a reference human genome with BWA-MEM

Activating conda environment: /store/lkemp/exome_project/benchmarking/NA12878_exome/bench1.0/human_genomics_pipeline/.snakemake/conda/192470ce
[Fri May 15 16:29:11 2020]
Finished job 21.
6 of 23 steps (26%) done

[Fri May 15 16:29:11 2020]
Job 2: Searching for analysis logs to compile a HTML report


[Fri May 15 16:29:11 2020]
Job 19: Sorting BAM files

Activating conda environment: /store/lkemp/exome_project/benchmarking/NA12878_exome/bench1.0/human_genomics_pipeline/.snakemake/conda/c5e9c475
Activating conda environment: /store/lkemp/exome_project/benchmarking/NA12878_exome/bench1.0/human_genomics_pipeline/.snakemake/conda/0a6fee88
[Fri May 15 16:29:23 2020]
Finished job 2.
7 of 23 steps (30%) done
[Fri May 15 16:33:37 2020]
Finished job 22.
8 of 23 steps (35%) done

[Fri May 15 16:33:37 2020]
Job 20: Sorting BAM files

Activating conda environment: /store/lkemp/exome_project/benchmarking/NA12878_exome/bench1.0/human_genomics_pipeline/.snakemake/conda/0a6fee88
Removing temporary output file mapped/NIST7035_NIST_bwamem.bam.
Removing temporary output file mapped/NIST7035_NIST_bwamem_sorted.bam.bai.
[Fri May 15 16:36:36 2020]
Finished job 19.
9 of 23 steps (39%) done

[Fri May 15 16:36:36 2020]
Job 17: Finding duplicate reads in BAM files

Activating conda environment: /store/lkemp/exome_project/benchmarking/NA12878_exome/bench1.0/human_genomics_pipeline/.snakemake/conda/0a6fee88
Removing temporary output file mapped/NIST7086_NIST_bwamem.bam.
Removing temporary output file mapped/NIST7086_NIST_bwamem_sorted.bam.bai.
[Fri May 15 16:41:42 2020]
Finished job 20.
10 of 23 steps (43%) done

[Fri May 15 16:41:42 2020]
Job 18: Finding duplicate reads in BAM files

Activating conda environment: /store/lkemp/exome_project/benchmarking/NA12878_exome/bench1.0/human_genomics_pipeline/.snakemake/conda/0a6fee88
Removing temporary output file mapped/NIST7035_NIST_bwamem_sorted.bam.
Removing temporary output file mapped/NIST7035_NIST_bwamem_sorted_mkdups.bam.bai.
[Fri May 15 16:44:55 2020]
Finished job 17.
11 of 23 steps (48%) done

[Fri May 15 16:44:55 2020]
Job 11: Assigning all reads to a single new read-group

Activating conda environment: /store/lkemp/exome_project/benchmarking/NA12878_exome/bench1.0/human_genomics_pipeline/.snakemake/conda/5e230ed5
Removing temporary output file mapped/NIST7035_NIST_bwamem_sorted_mkdups.bam.
[Fri May 15 16:49:38 2020]
Finished job 11.
12 of 23 steps (52%) done

[Fri May 15 16:49:38 2020]
Job 12: Building index files for BAM files

Activating conda environment: /store/lkemp/exome_project/benchmarking/NA12878_exome/bench1.0/human_genomics_pipeline/.snakemake/conda/0a6fee88
[Fri May 15 16:50:08 2020]
Finished job 12.
13 of 23 steps (57%) done

[Fri May 15 16:50:08 2020]
Job 13: Generating a recalibration table for the following rule (Base Quality Score Recalibration)

Activating conda environment: /store/lkemp/exome_project/benchmarking/NA12878_exome/bench1.0/human_genomics_pipeline/.snakemake/conda/5e230ed5
Removing temporary output file mapped/NIST7086_NIST_bwamem_sorted.bam.
Removing temporary output file mapped/NIST7086_NIST_bwamem_sorted_mkdups.bam.bai.
[Fri May 15 16:50:19 2020]
Finished job 18.
14 of 23 steps (61%) done

[Fri May 15 16:50:19 2020]
Job 14: Assigning all reads to a single new read-group

Activating conda environment: /store/lkemp/exome_project/benchmarking/NA12878_exome/bench1.0/human_genomics_pipeline/.snakemake/conda/5e230ed5
Removing temporary output file mapped/NIST7086_NIST_bwamem_sorted_mkdups.bam.
[Fri May 15 16:55:04 2020]
Finished job 14.
15 of 23 steps (65%) done

[Fri May 15 16:55:04 2020]
Job 15: Building index files for BAM files

Activating conda environment: /store/lkemp/exome_project/benchmarking/NA12878_exome/bench1.0/human_genomics_pipeline/.snakemake/conda/0a6fee88
[Fri May 15 16:55:36 2020]
Finished job 15.
16 of 23 steps (70%) done

[Fri May 15 16:55:36 2020]
Job 16: Generating a recalibration table for the following rule (Base Quality Score Recalibration)

Activating conda environment: /store/lkemp/exome_project/benchmarking/NA12878_exome/bench1.0/human_genomics_pipeline/.snakemake/conda/5e230ed5
[Fri May 15 17:24:37 2020]
Finished job 13.
17 of 23 steps (74%) done

[Fri May 15 17:24:37 2020]
Job 9: Applying base quality score recalibration and producing a recalibrated BAM file

Activating conda environment: /store/lkemp/exome_project/benchmarking/NA12878_exome/bench1.0/human_genomics_pipeline/.snakemake/conda/5e230ed5
[Fri May 15 17:27:19 2020]
Finished job 16.
18 of 23 steps (78%) done

[Fri May 15 17:27:19 2020]
Job 10: Applying base quality score recalibration and producing a recalibrated BAM file

Activating conda environment: /store/lkemp/exome_project/benchmarking/NA12878_exome/bench1.0/human_genomics_pipeline/.snakemake/conda/5e230ed5
Removing temporary output file mapped/NIST7035_NIST_sorted_mkdups_rgreplaced.bam.
Removing temporary output file mapped/NIST7035_NIST_sorted_mkdups_rgreplaced.bam.bai.
[Fri May 15 17:46:50 2020]
Finished job 9.
19 of 23 steps (83%) done

[Fri May 15 17:46:50 2020]
Job 3: Calling germline SNPs and indels via local re-assembly of haplotypes

Activating conda environment: /store/lkemp/exome_project/benchmarking/NA12878_exome/bench1.0/human_genomics_pipeline/.snakemake/conda/5e230ed5
Removing temporary output file mapped/NIST7086_NIST_sorted_mkdups_rgreplaced.bam.
Removing temporary output file mapped/NIST7086_NIST_sorted_mkdups_rgreplaced.bam.bai.
[Fri May 15 17:48:42 2020]
Finished job 10.
20 of 23 steps (87%) done

[Fri May 15 17:48:42 2020]
Job 4: Calling germline SNPs and indels via local re-assembly of haplotypes

Activating conda environment: /store/lkemp/exome_project/benchmarking/NA12878_exome/bench1.0/human_genomics_pipeline/.snakemake/conda/5e230ed5
[Fri May 15 20:55:19 2020]
Finished job 3.
21 of 23 steps (91%) done
[Fri May 15 21:01:48 2020]
Finished job 4.
22 of 23 steps (96%) done

[Fri May 15 21:01:48 2020]
localrule all:
    input: qc/multiqc/pre_trim_multiqc_report.html, qc/multiqc/post_trim_multiqc_report.html, vcf/NIST7035_NIST_raw_snps_indels_AS_g.vcf, vcf/NIST7086_NIST_raw_snps_indels_AS_g.vcf
    jobid: 0

[Fri May 15 21:01:48 2020]
Finished job 0.
23 of 23 steps (100%) done
Complete log: /store/lkemp/exome_project/benchmarking/NA12878_exome/bench1.0/human_genomics_pipeline/.snakemake/log/2020-05-15T153512.963755.snakemake.log
